app/build/intermediates/manifest_merge_blame_file/debug/manifest-merger-blame-debug-report.txt
1<?xml version="1.0" encoding="utf-8"?>
2<manifest xmlns:android="http://schemas.android.com/apk/res/android"
3    package="com.example.kidi2"
4    android:versionCode="1"
5    android:versionName="1.0" >
6
7    <uses-sdk
8        android:minSdkVersion="19"
8-->src\main\AndroidManifest.xml
9        android:targetSdkVersion="30" />
9-->src\main\AndroidManifest.xml
10
11    <uses-permission android:name="android.permission.INTERNET" />
11-->src\main\AndroidManifest.xml:5:5-67
11-->src\main\AndroidManifest.xml:5:22-64
12
13    <application
13-->src\main\AndroidManifest.xml:7:5-58:19
14        android:allowBackup="true"
14-->src\main\AndroidManifest.xml:8:9-35
15        android:appComponentFactory="androidx.core.app.CoreComponentFactory"
15-->[androidx.core:core:1.5.0] AndroidManifest.xml:24:18-86
16        android:debuggable="true"
17        android:icon="@mipmap/ic_launcher"
17-->src\main\AndroidManifest.xml:9:9-43
18        android:label="@string/app_name"
18-->src\main\AndroidManifest.xml:10:9-41
19        android:roundIcon="@mipmap/ic_launcher_round"
19-->src\main\AndroidManifest.xml:11:9-54
20        android:supportsRtl="true"
20-->src\main\AndroidManifest.xml:12:9-35
21        android:testOnly="true"
22        android:theme="@style/Theme.Kidi2"
22-->src\main\AndroidManifest.xml:13:9-43
23        android:usesCleartextTraffic="true" >
23-->src\main\AndroidManifest.xml:14:9-44
24
25        <!-- ACTIVITIES -->
26        <!-- FIRST SCREEN -->
27        <activity android:name="com.example.kidi2.FirstScreen" >
27-->src\main\AndroidManifest.xml:18:9-24:20
27-->src\main\AndroidManifest.xml:18:19-46
28            <intent-filter>
28-->src\main\AndroidManifest.xml:19:13-23:29
29                <action android:name="android.intent.action.MAIN" />
29-->src\main\AndroidManifest.xml:20:17-69
29-->src\main\AndroidManifest.xml:20:25-66
30
31                <category android:name="android.intent.category.LAUNCHER" />
31-->src\main\AndroidManifest.xml:22:17-77
31-->src\main\AndroidManifest.xml:22:27-74
32            </intent-filter>
33        </activity> <!-- HOME LOGIN -->
34        <activity android:name="com.example.kidi2.HomeLogin" /> <!-- KID NAME -->
34-->src\main\AndroidManifest.xml:25:9-56
34-->src\main\AndroidManifest.xml:25:19-44
35        <activity android:name="com.example.kidi2.KidName" /> <!-- ACTIVITY -->
35-->src\main\AndroidManifest.xml:26:9-54
35-->src\main\AndroidManifest.xml:26:19-42
36        <activity android:name="com.example.kidi2.Activity" />
36-->src\main\AndroidManifest.xml:27:9-55
36-->src\main\AndroidManifest.xml:27:19-43
37        <activity android:name="com.example.kidi2.LogInScreenActivity" />
37-->src\main\AndroidManifest.xml:28:9-66
37-->src\main\AndroidManifest.xml:28:19-54
38        <activity android:name="com.example.kidi2.ThirdParentRegActivity" />
38-->src\main\AndroidManifest.xml:29:9-69
38-->src\main\AndroidManifest.xml:29:19-57
39
40        <!-- feisal and yael activities -->
41
42        <activity
42-->src\main\AndroidManifest.xml:37:9-43:20
43            android:name="com.example.kidi2.AdminSetCourse"
43-->src\main\AndroidManifest.xml:38:13-43
44            android:exported="true" >
44-->src\main\AndroidManifest.xml:39:13-36
45        </activity>
46        <activity
46-->src\main\AndroidManifest.xml:45:9-47:39
47            android:name="com.example.kidi2.AdminAddCourse"
47-->src\main\AndroidManifest.xml:46:13-43
48            android:exported="true" />
48-->src\main\AndroidManifest.xml:47:13-36
49        <activity
49-->src\main\AndroidManifest.xml:49:9-51:20
50            android:name="com.example.kidi2.FirstParentReg"
50-->src\main\AndroidManifest.xml:49:19-49
51            android:exported="true" >
51-->src\main\AndroidManifest.xml:50:13-36
52        </activity>
53        <!-- muhanad activities -->
54
55        <activity
55-->src\main\AndroidManifest.xml:54:9-55:48
56            android:name="com.example.kidi2.FirstParentRegReal"
56-->src\main\AndroidManifest.xml:54:19-53
57            android:exported="true" />
57-->src\main\AndroidManifest.xml:55:13-36
58    </application>
59
60</manifest>